app/build/intermediates/manifest_merge_blame_file/debug/processDebugMainManifest/manifest-merger-blame-debug-report.txt
1<?xml version="1.0" encoding="utf-8"?>
2<manifest xmlns:android="http://schemas.android.com/apk/res/android"
3    package="com.soundgallery.app"
4    android:versionCode="1"
5    android:versionName="1.0" >
6
7    <uses-sdk
8        android:minSdkVersion="26"
9        android:targetSdkVersion="34" />
10
11    <!-- Media & Storage permissions -->
12    <uses-permission android:name="android.permission.READ_MEDIA_IMAGES" />
12-->src\main\AndroidManifest.xml:5:5-76
12-->src\main\AndroidManifest.xml:5:22-73
13    <uses-permission android:name="android.permission.READ_MEDIA_AUDIO" />
13-->src\main\AndroidManifest.xml:6:5-75
13-->src\main\AndroidManifest.xml:6:22-72
14    <!-- Legacy storage for API < 33 -->
15    <uses-permission
15-->src\main\AndroidManifest.xml:8:5-9:38
16        android:name="android.permission.READ_EXTERNAL_STORAGE"
16-->src\main\AndroidManifest.xml:8:22-77
17        android:maxSdkVersion="32" />
17-->src\main\AndroidManifest.xml:9:9-35
18
19    <!-- Foreground service for music playback -->
20    <uses-permission android:name="android.permission.FOREGROUND_SERVICE" />
20-->src\main\AndroidManifest.xml:12:5-77
20-->src\main\AndroidManifest.xml:12:22-74
21    <uses-permission android:name="android.permission.FOREGROUND_SERVICE_MEDIA_PLAYBACK" />
21-->src\main\AndroidManifest.xml:13:5-92
21-->src\main\AndroidManifest.xml:13:22-89
22    <uses-permission android:name="android.permission.ACCESS_NETWORK_STATE" />
22-->[androidx.media3:media3-exoplayer:1.2.1] AndroidManifest.xml:22:5-79
22-->[androidx.media3:media3-exoplayer:1.2.1] AndroidManifest.xml:22:22-76
23
24    <permission
24-->[androidx.core:core:1.12.0] AndroidManifest.xml:22:5-24:47
25        android:name="com.soundgallery.app.DYNAMIC_RECEIVER_NOT_EXPORTED_PERMISSION"
25-->[androidx.core:core:1.12.0] AndroidManifest.xml:23:9-81
26        android:protectionLevel="signature" />
26-->[androidx.core:core:1.12.0] AndroidManifest.xml:24:9-44
27
28    <uses-permission android:name="com.soundgallery.app.DYNAMIC_RECEIVER_NOT_EXPORTED_PERMISSION" />
28-->[androidx.core:core:1.12.0] AndroidManifest.xml:26:5-97
28-->[androidx.core:core:1.12.0] AndroidManifest.xml:26:22-94
29
30    <application
30-->src\main\AndroidManifest.xml:15:5-44:19
31        android:name="com.soundgallery.app.SoundGalleryApp"
31-->src\main\AndroidManifest.xml:16:9-40
32        android:allowBackup="true"
32-->src\main\AndroidManifest.xml:17:9-35
33        android:appComponentFactory="androidx.core.app.CoreComponentFactory"
33-->[androidx.core:core:1.12.0] AndroidManifest.xml:28:18-86
34        android:debuggable="true"
35        android:extractNativeLibs="false"
36        android:icon="@mipmap/ic_launcher"
36-->src\main\AndroidManifest.xml:18:9-43
37        android:label="@string/app_name"
37-->src\main\AndroidManifest.xml:19:9-41
38        android:roundIcon="@mipmap/ic_launcher_round"
38-->src\main\AndroidManifest.xml:20:9-54
39        android:supportsRtl="true"
39-->src\main\AndroidManifest.xml:21:9-35
40        android:testOnly="true"
41        android:theme="@style/Theme.SoundGallery" >
41-->src\main\AndroidManifest.xml:22:9-50
42        <activity
42-->src\main\AndroidManifest.xml:24:9-32:20
43            android:name="com.soundgallery.app.MainActivity"
43-->src\main\AndroidManifest.xml:25:13-41
44            android:exported="true"
44-->src\main\AndroidManifest.xml:26:13-36
45            android:windowSoftInputMode="adjustResize" >
45-->src\main\AndroidManifest.xml:27:13-55
46            <intent-filter>
46-->src\main\AndroidManifest.xml:28:13-31:29
47                <action android:name="android.intent.action.MAIN" />
47-->src\main\AndroidManifest.xml:29:17-69
47-->src\main\AndroidManifest.xml:29:25-66
48
49                <category android:name="android.intent.category.LAUNCHER" />
49-->src\main\AndroidManifest.xml:30:17-77
49-->src\main\AndroidManifest.xml:30:27-74
50            </intent-filter>
51        </activity>
52
53        <!-- Media playback service -->
54        <service
54-->src\main\AndroidManifest.xml:35:9-42:19
55            android:name="com.soundgallery.app.service.MusicPlaybackService"
55-->src\main\AndroidManifest.xml:36:13-57
56            android:exported="true"
56-->src\main\AndroidManifest.xml:38:13-36
57            android:foregroundServiceType="mediaPlayback" >
57-->src\main\AndroidManifest.xml:37:13-58
58            <intent-filter>
58-->src\main\AndroidManifest.xml:39:13-41:29
59                <action android:name="androidx.media3.session.MediaSessionService" />
59-->src\main\AndroidManifest.xml:40:17-86
59-->src\main\AndroidManifest.xml:40:25-83
60            </intent-filter>
61        </service>
62
63        <provider
63-->[androidx.emoji2:emoji2:1.2.0] AndroidManifest.xml:24:9-32:20
64            android:name="androidx.startup.InitializationProvider"
64-->[androidx.emoji2:emoji2:1.2.0] AndroidManifest.xml:25:13-67
65            android:authorities="com.soundgallery.app.androidx-startup"
65-->[androidx.emoji2:emoji2:1.2.0] AndroidManifest.xml:26:13-68
66            android:exported="false" >
66-->[androidx.emoji2:emoji2:1.2.0] AndroidManifest.xml:27:13-37
67            <meta-data
67-->[androidx.emoji2:emoji2:1.2.0] AndroidManifest.xml:29:13-31:52
68                android:name="androidx.emoji2.text.EmojiCompatInitializer"
68-->[androidx.emoji2:emoji2:1.2.0] AndroidManifest.xml:30:17-75
69                android:value="androidx.startup" />
69-->[androidx.emoji2:emoji2:1.2.0] AndroidManifest.xml:31:17-49
70            <meta-data
70-->[androidx.lifecycle:lifecycle-process:2.7.0] AndroidManifest.xml:29:13-31:52
71                android:name="androidx.lifecycle.ProcessLifecycleInitializer"
71-->[androidx.lifecycle:lifecycle-process:2.7.0] AndroidManifest.xml:30:17-78
72                android:value="androidx.startup" />
72-->[androidx.lifecycle:lifecycle-process:2.7.0] AndroidManifest.xml:31:17-49
73            <meta-data
73-->[androidx.profileinstaller:profileinstaller:1.3.0] AndroidManifest.xml:29:13-31:52
74                android:name="androidx.profileinstaller.ProfileInstallerInitializer"
74-->[androidx.profileinstaller:profileinstaller:1.3.0] AndroidManifest.xml:30:17-85
75                android:value="androidx.startup" />
75-->[androidx.profileinstaller:profileinstaller:1.3.0] AndroidManifest.xml:31:17-49
76        </provider>
77
78        <uses-library
78-->[androidx.window:window:1.0.0] AndroidManifest.xml:25:9-27:40
79            android:name="androidx.window.extensions"
79-->[androidx.window:window:1.0.0] AndroidManifest.xml:26:13-54
80            android:required="false" />
80-->[androidx.window:window:1.0.0] AndroidManifest.xml:27:13-37
81        <uses-library
81-->[androidx.window:window:1.0.0] AndroidManifest.xml:28:9-30:40
82            android:name="androidx.window.sidecar"
82-->[androidx.window:window:1.0.0] AndroidManifest.xml:29:13-51
83            android:required="false" />
83-->[androidx.window:window:1.0.0] AndroidManifest.xml:30:13-37
84
85        <service
85-->[androidx.room:room-runtime:2.6.1] AndroidManifest.xml:24:9-28:63
86            android:name="androidx.room.MultiInstanceInvalidationService"
86-->[androidx.room:room-runtime:2.6.1] AndroidManifest.xml:25:13-74
87            android:directBootAware="true"
87-->[androidx.room:room-runtime:2.6.1] AndroidManifest.xml:26:13-43
88            android:exported="false" />
88-->[androidx.room:room-runtime:2.6.1] AndroidManifest.xml:27:13-37
89
90        <receiver
90-->[androidx.profileinstaller:profileinstaller:1.3.0] AndroidManifest.xml:34:9-52:20
91            android:name="androidx.profileinstaller.ProfileInstallReceiver"
91-->[androidx.profileinstaller:profileinstaller:1.3.0] AndroidManifest.xml:35:13-76
92            android:directBootAware="false"
92-->[androidx.profileinstaller:profileinstaller:1.3.0] AndroidManifest.xml:36:13-44
93            android:enabled="true"
93-->[androidx.profileinstaller:profileinstaller:1.3.0] AndroidManifest.xml:37:13-35
94            android:exported="true"
94-->[androidx.profileinstaller:profileinstaller:1.3.0] AndroidManifest.xml:38:13-36
95            android:permission="android.permission.DUMP" >
95-->[androidx.profileinstaller:profileinstaller:1.3.0] AndroidManifest.xml:39:13-57
96            <intent-filter>
96-->[androidx.profileinstaller:profileinstaller:1.3.0] AndroidManifest.xml:40:13-42:29
97                <action android:name="androidx.profileinstaller.action.INSTALL_PROFILE" />
97-->[androidx.profileinstaller:profileinstaller:1.3.0] AndroidManifest.xml:41:17-91
97-->[androidx.profileinstaller:profileinstaller:1.3.0] AndroidManifest.xml:41:25-88
98            </intent-filter>
99            <intent-filter>
99-->[androidx.profileinstaller:profileinstaller:1.3.0] AndroidManifest.xml:43:13-45:29
100                <action android:name="androidx.profileinstaller.action.SKIP_FILE" />
100-->[androidx.profileinstaller:profileinstaller:1.3.0] AndroidManifest.xml:44:17-85
100-->[androidx.profileinstaller:profileinstaller:1.3.0] AndroidManifest.xml:44:25-82
101            </intent-filter>
102            <intent-filter>
102-->[androidx.profileinstaller:profileinstaller:1.3.0] AndroidManifest.xml:46:13-48:29
103                <action android:name="androidx.profileinstaller.action.SAVE_PROFILE" />
103-->[androidx.profileinstaller:profileinstaller:1.3.0] AndroidManifest.xml:47:17-88
103-->[androidx.profileinstaller:profileinstaller:1.3.0] AndroidManifest.xml:47:25-85
104            </intent-filter>
105            <intent-filter>
105-->[androidx.profileinstaller:profileinstaller:1.3.0] AndroidManifest.xml:49:13-51:29
106                <action android:name="androidx.profileinstaller.action.BENCHMARK_OPERATION" />
106-->[androidx.profileinstaller:profileinstaller:1.3.0] AndroidManifest.xml:50:17-95
106-->[androidx.profileinstaller:profileinstaller:1.3.0] AndroidManifest.xml:50:25-92
107            </intent-filter>
108        </receiver>
109    </application>
110
111</manifest>